\BOOKMARK [0][-]{chapter.1}{\376\377\0001\000\040\000C\000S\000C\000I\0003\0003\0001\000P\000r\000o\000j\000e\000c\000t}{}% 1
\BOOKMARK [0][-]{chapter.2}{\376\377\0002\000\040\000H\000i\000e\000r\000a\000r\000c\000h\000i\000c\000a\000l\000\040\000I\000n\000d\000e\000x}{}% 2
\BOOKMARK [1][-]{section.2.1}{\376\377\0002\000.\0001\000\040\000C\000l\000a\000s\000s\000\040\000H\000i\000e\000r\000a\000r\000c\000h\000y}{chapter.2}% 3
\BOOKMARK [0][-]{chapter.3}{\376\377\0003\000\040\000C\000l\000a\000s\000s\000\040\000I\000n\000d\000e\000x}{}% 4
\BOOKMARK [1][-]{section.3.1}{\376\377\0003\000.\0001\000\040\000C\000l\000a\000s\000s\000\040\000L\000i\000s\000t}{chapter.3}% 5
\BOOKMARK [0][-]{chapter.4}{\376\377\0004\000\040\000F\000i\000l\000e\000\040\000I\000n\000d\000e\000x}{}% 6
\BOOKMARK [1][-]{section.4.1}{\376\377\0004\000.\0001\000\040\000F\000i\000l\000e\000\040\000L\000i\000s\000t}{chapter.4}% 7
\BOOKMARK [0][-]{chapter.5}{\376\377\0005\000\040\000C\000l\000a\000s\000s\000\040\000D\000o\000c\000u\000m\000e\000n\000t\000a\000t\000i\000o\000n}{}% 8
\BOOKMARK [1][-]{section.5.1}{\376\377\0005\000.\0001\000\040\000B\000T\000r\000e\000e\000N\000o\000d\000e\000<\000\040\000T\000\040\000>\000\040\000S\000t\000r\000u\000c\000t\000\040\000T\000e\000m\000p\000l\000a\000t\000e\000\040\000R\000e\000f\000e\000r\000e\000n\000c\000e}{chapter.5}% 9
\BOOKMARK [2][-]{subsection.5.1.1}{\376\377\0005\000.\0001\000.\0001\000\040\000M\000e\000m\000b\000e\000r\000\040\000D\000a\000t\000a\000\040\000D\000o\000c\000u\000m\000e\000n\000t\000a\000t\000i\000o\000n}{section.5.1}% 10
\BOOKMARK [3][-]{subsubsection.5.1.1.1}{\376\377\0005\000.\0001\000.\0001\000.\0001\000\040\000c\000h\000i\000l\000d\000\137\000p\000t\000r}{subsection.5.1.1}% 11
\BOOKMARK [3][-]{subsubsection.5.1.1.2}{\376\377\0005\000.\0001\000.\0001\000.\0002\000\040\000d\000a\000t\000a}{subsection.5.1.1}% 12
\BOOKMARK [3][-]{subsubsection.5.1.1.3}{\376\377\0005\000.\0001\000.\0001\000.\0003\000\040\000l\000e\000a\000f}{subsection.5.1.1}% 13
\BOOKMARK [3][-]{subsubsection.5.1.1.4}{\376\377\0005\000.\0001\000.\0001\000.\0004\000\040\000n}{subsection.5.1.1}% 14
\BOOKMARK [1][-]{section.5.2}{\376\377\0005\000.\0002\000\040\000L\000i\000n\000k\000e\000d\000L\000i\000s\000t\000<\000\040\000I\000t\000e\000m\000T\000y\000p\000e\000\040\000>\000\040\000C\000l\000a\000s\000s\000\040\000T\000e\000m\000p\000l\000a\000t\000e\000\040\000R\000e\000f\000e\000r\000e\000n\000c\000e}{chapter.5}% 15
\BOOKMARK [2][-]{subsection.5.2.1}{\376\377\0005\000.\0002\000.\0001\000\040\000D\000e\000t\000a\000i\000l\000e\000d\000\040\000D\000e\000s\000c\000r\000i\000p\000t\000i\000o\000n}{section.5.2}% 16
\BOOKMARK [2][-]{subsection.5.2.2}{\376\377\0005\000.\0002\000.\0002\000\040\000C\000o\000n\000s\000t\000r\000u\000c\000t\000o\000r\000\040\000\046\000\040\000D\000e\000s\000t\000r\000u\000c\000t\000o\000r\000\040\000D\000o\000c\000u\000m\000e\000n\000t\000a\000t\000i\000o\000n}{section.5.2}% 17
\BOOKMARK [3][-]{subsubsection.5.2.2.1}{\376\377\0005\000.\0002\000.\0002\000.\0001\000\040\000L\000i\000n\000k\000e\000d\000L\000i\000s\000t\000\050\000\051\000\040\000[\0001\000/\0002\000]}{subsection.5.2.2}% 18
\BOOKMARK [3][-]{subsubsection.5.2.2.2}{\376\377\0005\000.\0002\000.\0002\000.\0002\000\040\000L\000i\000n\000k\000e\000d\000L\000i\000s\000t\000\050\000\051\000\040\000[\0002\000/\0002\000]}{subsection.5.2.2}% 19
\BOOKMARK [3][-]{subsubsection.5.2.2.3}{\376\377\0005\000.\0002\000.\0002\000.\0003\000\040\000\040\000L\000i\000n\000k\000e\000d\000L\000i\000s\000t\000\050\000\051}{subsection.5.2.2}% 20
\BOOKMARK [2][-]{subsection.5.2.3}{\376\377\0005\000.\0002\000.\0003\000\040\000M\000e\000m\000b\000e\000r\000\040\000F\000u\000n\000c\000t\000i\000o\000n\000\040\000D\000o\000c\000u\000m\000e\000n\000t\000a\000t\000i\000o\000n}{section.5.2}% 21
\BOOKMARK [3][-]{subsubsection.5.2.3.1}{\376\377\0005\000.\0002\000.\0003\000.\0001\000\040\000c\000l\000e\000a\000r\000\050\000\051}{subsection.5.2.3}% 22
\BOOKMARK [3][-]{subsubsection.5.2.3.2}{\376\377\0005\000.\0002\000.\0003\000.\0002\000\040\000d\000e\000l\000e\000t\000i\000o\000n\000\050\000\051}{subsection.5.2.3}% 23
\BOOKMARK [3][-]{subsubsection.5.2.3.3}{\376\377\0005\000.\0002\000.\0003\000.\0003\000\040\000d\000i\000s\000p\000l\000a\000y\000L\000i\000s\000t\000\050\000\051}{subsection.5.2.3}% 24
\BOOKMARK [3][-]{subsubsection.5.2.3.4}{\376\377\0005\000.\0002\000.\0003\000.\0004\000\040\000g\000e\000t\000E\000n\000t\000r\000y\000\050\000\051}{subsection.5.2.3}% 25
\BOOKMARK [3][-]{subsubsection.5.2.3.5}{\376\377\0005\000.\0002\000.\0003\000.\0005\000\040\000g\000e\000t\000I\000t\000e\000m\000C\000o\000u\000n\000t\000\050\000\051}{subsection.5.2.3}% 26
\BOOKMARK [3][-]{subsubsection.5.2.3.6}{\376\377\0005\000.\0002\000.\0003\000.\0006\000\040\000g\000e\000t\000L\000e\000n\000g\000t\000h\000\050\000\051}{subsection.5.2.3}% 27
\BOOKMARK [3][-]{subsubsection.5.2.3.7}{\376\377\0005\000.\0002\000.\0003\000.\0007\000\040\000i\000n\000s\000e\000r\000t\000\050\000\051}{subsection.5.2.3}% 28
\BOOKMARK [3][-]{subsubsection.5.2.3.8}{\376\377\0005\000.\0002\000.\0003\000.\0008\000\040\000i\000s\000E\000m\000p\000t\000y\000\050\000\051}{subsection.5.2.3}% 29
\BOOKMARK [3][-]{subsubsection.5.2.3.9}{\376\377\0005\000.\0002\000.\0003\000.\0009\000\040\000o\000p\000e\000r\000a\000t\000o\000r\000=\000\050\000\051}{subsection.5.2.3}% 30
\BOOKMARK [3][-]{subsubsection.5.2.3.10}{\376\377\0005\000.\0002\000.\0003\000.\0001\0000\000\040\000r\000e\000p\000l\000a\000c\000e\000\050\000\051}{subsection.5.2.3}% 31
\BOOKMARK [1][-]{section.5.3}{\376\377\0005\000.\0003\000\040\000L\000i\000s\000t\000I\000n\000t\000e\000r\000f\000a\000c\000e\000<\000\040\000I\000t\000e\000m\000T\000y\000p\000e\000\040\000>\000\040\000C\000l\000a\000s\000s\000\040\000T\000e\000m\000p\000l\000a\000t\000e\000\040\000R\000e\000f\000e\000r\000e\000n\000c\000e}{chapter.5}% 32
\BOOKMARK [2][-]{subsection.5.3.1}{\376\377\0005\000.\0003\000.\0001\000\040\000M\000e\000m\000b\000e\000r\000\040\000F\000u\000n\000c\000t\000i\000o\000n\000\040\000D\000o\000c\000u\000m\000e\000n\000t\000a\000t\000i\000o\000n}{section.5.3}% 33
\BOOKMARK [3][-]{subsubsection.5.3.1.1}{\376\377\0005\000.\0003\000.\0001\000.\0001\000\040\000c\000l\000e\000a\000r\000\050\000\051}{subsection.5.3.1}% 34
\BOOKMARK [3][-]{subsubsection.5.3.1.2}{\376\377\0005\000.\0003\000.\0001\000.\0002\000\040\000d\000e\000l\000e\000t\000i\000o\000n\000\050\000\051}{subsection.5.3.1}% 35
\BOOKMARK [3][-]{subsubsection.5.3.1.3}{\376\377\0005\000.\0003\000.\0001\000.\0003\000\040\000d\000i\000s\000p\000l\000a\000y\000L\000i\000s\000t\000\050\000\051}{subsection.5.3.1}% 36
\BOOKMARK [3][-]{subsubsection.5.3.1.4}{\376\377\0005\000.\0003\000.\0001\000.\0004\000\040\000g\000e\000t\000E\000n\000t\000r\000y\000\050\000\051}{subsection.5.3.1}% 37
\BOOKMARK [3][-]{subsubsection.5.3.1.5}{\376\377\0005\000.\0003\000.\0001\000.\0005\000\040\000g\000e\000t\000I\000t\000e\000m\000C\000o\000u\000n\000t\000\050\000\051}{subsection.5.3.1}% 38
\BOOKMARK [3][-]{subsubsection.5.3.1.6}{\376\377\0005\000.\0003\000.\0001\000.\0006\000\040\000g\000e\000t\000L\000e\000n\000g\000t\000h\000\050\000\051}{subsection.5.3.1}% 39
\BOOKMARK [3][-]{subsubsection.5.3.1.7}{\376\377\0005\000.\0003\000.\0001\000.\0007\000\040\000i\000n\000s\000e\000r\000t\000\050\000\051}{subsection.5.3.1}% 40
\BOOKMARK [3][-]{subsubsection.5.3.1.8}{\376\377\0005\000.\0003\000.\0001\000.\0008\000\040\000i\000s\000E\000m\000p\000t\000y\000\050\000\051}{subsection.5.3.1}% 41
\BOOKMARK [3][-]{subsubsection.5.3.1.9}{\376\377\0005\000.\0003\000.\0001\000.\0009\000\040\000r\000e\000p\000l\000a\000c\000e\000\050\000\051}{subsection.5.3.1}% 42
\BOOKMARK [1][-]{section.5.4}{\376\377\0005\000.\0004\000\040\000N\000o\000d\000e\000<\000\040\000I\000t\000e\000m\000T\000y\000p\000e\000\040\000>\000\040\000C\000l\000a\000s\000s\000\040\000T\000e\000m\000p\000l\000a\000t\000e\000\040\000R\000e\000f\000e\000r\000e\000n\000c\000e}{chapter.5}% 43
\BOOKMARK [2][-]{subsection.5.4.1}{\376\377\0005\000.\0004\000.\0001\000\040\000D\000e\000t\000a\000i\000l\000e\000d\000\040\000D\000e\000s\000c\000r\000i\000p\000t\000i\000o\000n}{section.5.4}% 44
\BOOKMARK [2][-]{subsection.5.4.2}{\376\377\0005\000.\0004\000.\0002\000\040\000C\000o\000n\000s\000t\000r\000u\000c\000t\000o\000r\000\040\000\046\000\040\000D\000e\000s\000t\000r\000u\000c\000t\000o\000r\000\040\000D\000o\000c\000u\000m\000e\000n\000t\000a\000t\000i\000o\000n}{section.5.4}% 45
\BOOKMARK [3][-]{subsubsection.5.4.2.1}{\376\377\0005\000.\0004\000.\0002\000.\0001\000\040\000N\000o\000d\000e\000\050\000\051\000\040\000[\0001\000/\0003\000]}{subsection.5.4.2}% 46
\BOOKMARK [3][-]{subsubsection.5.4.2.2}{\376\377\0005\000.\0004\000.\0002\000.\0002\000\040\000N\000o\000d\000e\000\050\000\051\000\040\000[\0002\000/\0003\000]}{subsection.5.4.2}% 47
\BOOKMARK [3][-]{subsubsection.5.4.2.3}{\376\377\0005\000.\0004\000.\0002\000.\0003\000\040\000N\000o\000d\000e\000\050\000\051\000\040\000[\0003\000/\0003\000]}{subsection.5.4.2}% 48
\BOOKMARK [2][-]{subsection.5.4.3}{\376\377\0005\000.\0004\000.\0003\000\040\000M\000e\000m\000b\000e\000r\000\040\000F\000u\000n\000c\000t\000i\000o\000n\000\040\000D\000o\000c\000u\000m\000e\000n\000t\000a\000t\000i\000o\000n}{section.5.4}% 49
\BOOKMARK [3][-]{subsubsection.5.4.3.1}{\376\377\0005\000.\0004\000.\0003\000.\0001\000\040\000g\000e\000t\000I\000t\000e\000m\000\050\000\051}{subsection.5.4.3}% 50
\BOOKMARK [3][-]{subsubsection.5.4.3.2}{\376\377\0005\000.\0004\000.\0003\000.\0002\000\040\000g\000e\000t\000N\000e\000x\000t\000\050\000\051}{subsection.5.4.3}% 51
\BOOKMARK [3][-]{subsubsection.5.4.3.3}{\376\377\0005\000.\0004\000.\0003\000.\0003\000\040\000s\000e\000t\000I\000t\000e\000m\000\050\000\051}{subsection.5.4.3}% 52
\BOOKMARK [3][-]{subsubsection.5.4.3.4}{\376\377\0005\000.\0004\000.\0003\000.\0004\000\040\000s\000e\000t\000N\000e\000x\000t\000\050\000\051}{subsection.5.4.3}% 53
\BOOKMARK [1][-]{section.5.5}{\376\377\0005\000.\0005\000\040\000S\000e\000c\000K\000e\000y\000S\000S\000<\000\040\000T\000\040\000>\000\040\000C\000l\000a\000s\000s\000\040\000T\000e\000m\000p\000l\000a\000t\000e\000\040\000R\000e\000f\000e\000r\000e\000n\000c\000e}{chapter.5}% 54
\BOOKMARK [2][-]{subsection.5.5.1}{\376\377\0005\000.\0005\000.\0001\000\040\000D\000e\000t\000a\000i\000l\000e\000d\000\040\000D\000e\000s\000c\000r\000i\000p\000t\000i\000o\000n}{section.5.5}% 55
\BOOKMARK [2][-]{subsection.5.5.2}{\376\377\0005\000.\0005\000.\0002\000\040\000C\000o\000n\000s\000t\000r\000u\000c\000t\000o\000r\000\040\000\046\000\040\000D\000e\000s\000t\000r\000u\000c\000t\000o\000r\000\040\000D\000o\000c\000u\000m\000e\000n\000t\000a\000t\000i\000o\000n}{section.5.5}% 56
\BOOKMARK [3][-]{subsubsection.5.5.2.1}{\376\377\0005\000.\0005\000.\0002\000.\0001\000\040\000S\000e\000c\000K\000e\000y\000S\000S\000\050\000\051\000\040\000[\0001\000/\0002\000]}{subsection.5.5.2}% 57
\BOOKMARK [3][-]{subsubsection.5.5.2.2}{\376\377\0005\000.\0005\000.\0002\000.\0002\000\040\000S\000e\000c\000K\000e\000y\000S\000S\000\050\000\051\000\040\000[\0002\000/\0002\000]}{subsection.5.5.2}% 58
\BOOKMARK [3][-]{subsubsection.5.5.2.3}{\376\377\0005\000.\0005\000.\0002\000.\0003\000\040\000\040\000S\000e\000c\000K\000e\000y\000S\000S\000\050\000\051}{subsection.5.5.2}% 59
\BOOKMARK [2][-]{subsection.5.5.3}{\376\377\0005\000.\0005\000.\0003\000\040\000M\000e\000m\000b\000e\000r\000\040\000F\000u\000n\000c\000t\000i\000o\000n\000\040\000D\000o\000c\000u\000m\000e\000n\000t\000a\000t\000i\000o\000n}{section.5.5}% 60
\BOOKMARK [3][-]{subsubsection.5.5.3.1}{\376\377\0005\000.\0005\000.\0003\000.\0001\000\040\000g\000e\000t\000D\000a\000t\000a\000\050\000\051}{subsection.5.5.3}% 61
\BOOKMARK [3][-]{subsubsection.5.5.3.2}{\376\377\0005\000.\0005\000.\0003\000.\0002\000\040\000g\000e\000t\000D\000u\000p\000l\000i\000c\000a\000t\000e\000s\000\050\000\051}{subsection.5.5.3}% 62
\BOOKMARK [3][-]{subsubsection.5.5.3.3}{\376\377\0005\000.\0005\000.\0003\000.\0003\000\040\000o\000p\000e\000r\000a\000t\000o\000r\000<\000\050\000\051\000\040\000[\0001\000/\0002\000]}{subsection.5.5.3}% 63
\BOOKMARK [3][-]{subsubsection.5.5.3.4}{\376\377\0005\000.\0005\000.\0003\000.\0004\000\040\000o\000p\000e\000r\000a\000t\000o\000r\000<\000\050\000\051\000\040\000[\0002\000/\0002\000]}{subsection.5.5.3}% 64
\BOOKMARK [3][-]{subsubsection.5.5.3.5}{\376\377\0005\000.\0005\000.\0003\000.\0005\000\040\000o\000p\000e\000r\000a\000t\000o\000r\000=\000\050\000\051}{subsection.5.5.3}% 65
\BOOKMARK [3][-]{subsubsection.5.5.3.6}{\376\377\0005\000.\0005\000.\0003\000.\0006\000\040\000o\000p\000e\000r\000a\000t\000o\000r\000=\000=\000\050\000\051\000\040\000[\0001\000/\0002\000]}{subsection.5.5.3}% 66
\BOOKMARK [3][-]{subsubsection.5.5.3.7}{\376\377\0005\000.\0005\000.\0003\000.\0007\000\040\000o\000p\000e\000r\000a\000t\000o\000r\000=\000=\000\050\000\051\000\040\000[\0002\000/\0002\000]}{subsection.5.5.3}% 67
\BOOKMARK [3][-]{subsubsection.5.5.3.8}{\376\377\0005\000.\0005\000.\0003\000.\0008\000\040\000o\000p\000e\000r\000a\000t\000o\000r\000>\000\050\000\051\000\040\000[\0001\000/\0002\000]}{subsection.5.5.3}% 68
\BOOKMARK [3][-]{subsubsection.5.5.3.9}{\376\377\0005\000.\0005\000.\0003\000.\0009\000\040\000o\000p\000e\000r\000a\000t\000o\000r\000>\000\050\000\051\000\040\000[\0002\000/\0002\000]}{subsection.5.5.3}% 69
\BOOKMARK [3][-]{subsubsection.5.5.3.10}{\376\377\0005\000.\0005\000.\0003\000.\0001\0000\000\040\000s\000e\000t\000D\000a\000t\000a\000\050\000\051}{subsection.5.5.3}% 70
\BOOKMARK [3][-]{subsubsection.5.5.3.11}{\376\377\0005\000.\0005\000.\0003\000.\0001\0001\000\040\000s\000e\000t\000D\000u\000p\000l\000i\000c\000a\000t\000e\000s\000\050\000\051}{subsection.5.5.3}% 71
\BOOKMARK [1][-]{section.5.6}{\376\377\0005\000.\0006\000\040\000S\000S\000C\000l\000a\000s\000s\000\040\000C\000l\000a\000s\000s\000\040\000R\000e\000f\000e\000r\000e\000n\000c\000e}{chapter.5}% 72
\BOOKMARK [2][-]{subsection.5.6.1}{\376\377\0005\000.\0006\000.\0001\000\040\000D\000e\000t\000a\000i\000l\000e\000d\000\040\000D\000e\000s\000c\000r\000i\000p\000t\000i\000o\000n}{section.5.6}% 73
\BOOKMARK [2][-]{subsection.5.6.2}{\376\377\0005\000.\0006\000.\0002\000\040\000C\000o\000n\000s\000t\000r\000u\000c\000t\000o\000r\000\040\000\046\000\040\000D\000e\000s\000t\000r\000u\000c\000t\000o\000r\000\040\000D\000o\000c\000u\000m\000e\000n\000t\000a\000t\000i\000o\000n}{section.5.6}% 74
\BOOKMARK [3][-]{subsubsection.5.6.2.1}{\376\377\0005\000.\0006\000.\0002\000.\0001\000\040\000S\000S\000C\000l\000a\000s\000s\000\050\000\051\000\040\000[\0001\000/\0002\000]}{subsection.5.6.2}% 75
\BOOKMARK [3][-]{subsubsection.5.6.2.2}{\376\377\0005\000.\0006\000.\0002\000.\0002\000\040\000S\000S\000C\000l\000a\000s\000s\000\050\000\051\000\040\000[\0002\000/\0002\000]}{subsection.5.6.2}% 76
\BOOKMARK [3][-]{subsubsection.5.6.2.3}{\376\377\0005\000.\0006\000.\0002\000.\0003\000\040\000\040\000S\000S\000C\000l\000a\000s\000s\000\050\000\051}{subsection.5.6.2}% 77
\BOOKMARK [2][-]{subsection.5.6.3}{\376\377\0005\000.\0006\000.\0003\000\040\000M\000e\000m\000b\000e\000r\000\040\000F\000u\000n\000c\000t\000i\000o\000n\000\040\000D\000o\000c\000u\000m\000e\000n\000t\000a\000t\000i\000o\000n}{section.5.6}% 78
\BOOKMARK [3][-]{subsubsection.5.6.3.1}{\376\377\0005\000.\0006\000.\0003\000.\0001\000\040\000d\000i\000r\000e\000c\000t\000i\000o\000n\000a\000l\000S\000e\000a\000r\000c\000h\000\050\000\051}{subsection.5.6.3}% 79
\BOOKMARK [3][-]{subsubsection.5.6.3.2}{\376\377\0005\000.\0006\000.\0003\000.\0002\000\040\000i\000n\000s\000e\000r\000t\000\050\000\051}{subsection.5.6.3}% 80
\BOOKMARK [3][-]{subsubsection.5.6.3.3}{\376\377\0005\000.\0006\000.\0003\000.\0003\000\040\000i\000s\000E\000m\000p\000t\000y\000\050\000\051}{subsection.5.6.3}% 81
\BOOKMARK [3][-]{subsubsection.5.6.3.4}{\376\377\0005\000.\0006\000.\0003\000.\0004\000\040\000o\000p\000e\000n\000F\000i\000l\000e\000\050\000\051}{subsection.5.6.3}% 82
\BOOKMARK [3][-]{subsubsection.5.6.3.5}{\376\377\0005\000.\0006\000.\0003\000.\0005\000\040\000r\000e\000t\000u\000r\000n\000L\000i\000n\000e\000\050\000\051}{subsection.5.6.3}% 83
\BOOKMARK [3][-]{subsubsection.5.6.3.6}{\376\377\0005\000.\0006\000.\0003\000.\0006\000\040\000s\000e\000a\000r\000c\000h\000\050\000\051}{subsection.5.6.3}% 84
\BOOKMARK [0][-]{chapter.6}{\376\377\0006\000\040\000F\000i\000l\000e\000\040\000D\000o\000c\000u\000m\000e\000n\000t\000a\000t\000i\000o\000n}{}% 85
\BOOKMARK [1][-]{section.6.1}{\376\377\0006\000.\0001\000\040\000B\000T\000r\000e\000e\000.\000h\000\040\000F\000i\000l\000e\000\040\000R\000e\000f\000e\000r\000e\000n\000c\000e}{chapter.6}% 86
\BOOKMARK [2][-]{subsection.6.1.1}{\376\377\0006\000.\0001\000.\0001\000\040\000F\000u\000n\000c\000t\000i\000o\000n\000\040\000D\000o\000c\000u\000m\000e\000n\000t\000a\000t\000i\000o\000n}{section.6.1}% 87
\BOOKMARK [3][-]{subsubsection.6.1.1.1}{\376\377\0006\000.\0001\000.\0001\000.\0001\000\040\000i\000n\000i\000t\000\050\000\051}{subsection.6.1.1}% 88
\BOOKMARK [3][-]{subsubsection.6.1.1.2}{\376\377\0006\000.\0001\000.\0001\000.\0002\000\040\000i\000n\000s\000e\000r\000t\000\050\000\051}{subsection.6.1.1}% 89
\BOOKMARK [3][-]{subsubsection.6.1.1.3}{\376\377\0006\000.\0001\000.\0001\000.\0003\000\040\000s\000o\000r\000t\000\050\000\051}{subsection.6.1.1}% 90
\BOOKMARK [3][-]{subsubsection.6.1.1.4}{\376\377\0006\000.\0001\000.\0001\000.\0004\000\040\000s\000p\000l\000i\000t\000\137\000c\000h\000i\000l\000d\000\050\000\051}{subsection.6.1.1}% 91
\BOOKMARK [3][-]{subsubsection.6.1.1.5}{\376\377\0006\000.\0001\000.\0001\000.\0005\000\040\000t\000r\000a\000v\000e\000r\000s\000e\000\050\000\051}{subsection.6.1.1}% 92
\BOOKMARK [2][-]{subsection.6.1.2}{\376\377\0006\000.\0001\000.\0002\000\040\000V\000a\000r\000i\000a\000b\000l\000e\000\040\000D\000o\000c\000u\000m\000e\000n\000t\000a\000t\000i\000o\000n}{section.6.1}% 93
\BOOKMARK [3][-]{subsubsection.6.1.2.1}{\376\377\0006\000.\0001\000.\0002\000.\0001\000\040\000n\000p}{subsection.6.1.2}% 94
\BOOKMARK [3][-]{subsubsection.6.1.2.2}{\376\377\0006\000.\0001\000.\0002\000.\0002\000\040\000r\000o\000o\000t}{subsection.6.1.2}% 95
\BOOKMARK [3][-]{subsubsection.6.1.2.3}{\376\377\0006\000.\0001\000.\0002\000.\0003\000\040\000x}{subsection.6.1.2}% 96
\BOOKMARK [1][-]{section.6.2}{\376\377\0006\000.\0002\000\040\000L\000i\000n\000k\000e\000d\000L\000i\000s\000t\000.\000c\000p\000p\000\040\000F\000i\000l\000e\000\040\000R\000e\000f\000e\000r\000e\000n\000c\000e}{chapter.6}% 97
\BOOKMARK [1][-]{section.6.3}{\376\377\0006\000.\0003\000\040\000L\000i\000n\000k\000e\000d\000L\000i\000s\000t\000.\000h\000\040\000F\000i\000l\000e\000\040\000R\000e\000f\000e\000r\000e\000n\000c\000e}{chapter.6}% 98
\BOOKMARK [1][-]{section.6.4}{\376\377\0006\000.\0004\000\040\000L\000i\000s\000t\000I\000n\000t\000e\000r\000f\000a\000c\000e\000.\000h\000\040\000F\000i\000l\000e\000\040\000R\000e\000f\000e\000r\000e\000n\000c\000e}{chapter.6}% 99
\BOOKMARK [1][-]{section.6.5}{\376\377\0006\000.\0005\000\040\000N\000o\000d\000e\000.\000c\000p\000p\000\040\000F\000i\000l\000e\000\040\000R\000e\000f\000e\000r\000e\000n\000c\000e}{chapter.6}% 100
\BOOKMARK [1][-]{section.6.6}{\376\377\0006\000.\0006\000\040\000N\000o\000d\000e\000.\000h\000\040\000F\000i\000l\000e\000\040\000R\000e\000f\000e\000r\000e\000n\000c\000e}{chapter.6}% 101
\BOOKMARK [1][-]{section.6.7}{\376\377\0006\000.\0007\000\040\000R\000E\000A\000D\000M\000E\000.\000m\000d\000\040\000F\000i\000l\000e\000\040\000R\000e\000f\000e\000r\000e\000n\000c\000e}{chapter.6}% 102
\BOOKMARK [1][-]{section.6.8}{\376\377\0006\000.\0008\000\040\000S\000e\000c\000K\000e\000y\000S\000S\000.\000h\000\040\000F\000i\000l\000e\000\040\000R\000e\000f\000e\000r\000e\000n\000c\000e}{chapter.6}% 103
\BOOKMARK [2][-]{subsection.6.8.1}{\376\377\0006\000.\0008\000.\0001\000\040\000F\000u\000n\000c\000t\000i\000o\000n\000\040\000D\000o\000c\000u\000m\000e\000n\000t\000a\000t\000i\000o\000n}{section.6.8}% 104
\BOOKMARK [3][-]{subsubsection.6.8.1.1}{\376\377\0006\000.\0008\000.\0001\000.\0001\000\040\000o\000p\000e\000r\000a\000t\000o\000r\000<\000\050\000\051}{subsection.6.8.1}% 105
\BOOKMARK [3][-]{subsubsection.6.8.1.2}{\376\377\0006\000.\0008\000.\0001\000.\0002\000\040\000o\000p\000e\000r\000a\000t\000o\000r\000=\000=\000\050\000\051}{subsection.6.8.1}% 106
\BOOKMARK [3][-]{subsubsection.6.8.1.3}{\376\377\0006\000.\0008\000.\0001\000.\0003\000\040\000o\000p\000e\000r\000a\000t\000o\000r\000>\000\050\000\051}{subsection.6.8.1}% 107
\BOOKMARK [1][-]{section.6.9}{\376\377\0006\000.\0009\000\040\000S\000S\000C\000l\000a\000s\000s\000.\000c\000p\000p\000\040\000F\000i\000l\000e\000\040\000R\000e\000f\000e\000r\000e\000n\000c\000e}{chapter.6}% 108
\BOOKMARK [1][-]{section.6.10}{\376\377\0006\000.\0001\0000\000\040\000S\000S\000C\000l\000a\000s\000s\000.\000h\000\040\000F\000i\000l\000e\000\040\000R\000e\000f\000e\000r\000e\000n\000c\000e}{chapter.6}% 109
\BOOKMARK [2][-]{subsection.6.10.1}{\376\377\0006\000.\0001\0000\000.\0001\000\040\000V\000a\000r\000i\000a\000b\000l\000e\000\040\000D\000o\000c\000u\000m\000e\000n\000t\000a\000t\000i\000o\000n}{section.6.10}% 110
\BOOKMARK [3][-]{subsubsection.6.10.1.1}{\376\377\0006\000.\0001\0000\000.\0001\000.\0001\000\040\000C\000H\000A\000R\000I\000N\000L\000I\000N\000E}{subsection.6.10.1}% 111
\BOOKMARK [3][-]{subsubsection.6.10.1.2}{\376\377\0006\000.\0001\0000\000.\0001\000.\0002\000\040\000C\000O\000U\000N\000T\000Y\000O\000F\000F\000S\000E\000T}{subsection.6.10.1}% 112
\BOOKMARK [3][-]{subsubsection.6.10.1.3}{\376\377\0006\000.\0001\0000\000.\0001\000.\0003\000\040\000C\000O\000U\000N\000T\000Y\000S\000I\000Z\000E}{subsection.6.10.1}% 113
\BOOKMARK [3][-]{subsubsection.6.10.1.4}{\376\377\0006\000.\0001\0000\000.\0001\000.\0004\000\040\000L\000A\000T\000O\000F\000F\000S\000E\000T}{subsection.6.10.1}% 114
\BOOKMARK [3][-]{subsubsection.6.10.1.5}{\376\377\0006\000.\0001\0000\000.\0001\000.\0005\000\040\000L\000A\000T\000S\000I\000Z\000E}{subsection.6.10.1}% 115
\BOOKMARK [3][-]{subsubsection.6.10.1.6}{\376\377\0006\000.\0001\0000\000.\0001\000.\0006\000\040\000L\000O\000N\000O\000F\000F\000S\000E\000T}{subsection.6.10.1}% 116
\BOOKMARK [3][-]{subsubsection.6.10.1.7}{\376\377\0006\000.\0001\0000\000.\0001\000.\0007\000\040\000L\000O\000N\000S\000I\000Z\000E}{subsection.6.10.1}% 117
\BOOKMARK [3][-]{subsubsection.6.10.1.8}{\376\377\0006\000.\0001\0000\000.\0001\000.\0008\000\040\000N\000U\000M\000S\000E\000C\000K\000E\000Y\000S}{subsection.6.10.1}% 118
\BOOKMARK [3][-]{subsubsection.6.10.1.9}{\376\377\0006\000.\0001\0000\000.\0001\000.\0009\000\040\000P\000L\000A\000C\000E\000O\000F\000F\000S\000E\000T}{subsection.6.10.1}% 119
\BOOKMARK [3][-]{subsubsection.6.10.1.10}{\376\377\0006\000.\0001\0000\000.\0001\000.\0001\0000\000\040\000P\000L\000A\000C\000E\000S\000I\000Z\000E}{subsection.6.10.1}% 120
\BOOKMARK [3][-]{subsubsection.6.10.1.11}{\376\377\0006\000.\0001\0000\000.\0001\000.\0001\0001\000\040\000S\000T\000A\000T\000E\000O\000F\000F\000S\000E\000T}{subsection.6.10.1}% 121
\BOOKMARK [3][-]{subsubsection.6.10.1.12}{\376\377\0006\000.\0001\0000\000.\0001\000.\0001\0002\000\040\000S\000T\000A\000T\000E\000S\000I\000Z\000E}{subsection.6.10.1}% 122
\BOOKMARK [3][-]{subsubsection.6.10.1.13}{\376\377\0006\000.\0001\0000\000.\0001\000.\0001\0003\000\040\000Z\000I\000P\000O\000F\000F\000S\000E\000T}{subsection.6.10.1}% 123
\BOOKMARK [3][-]{subsubsection.6.10.1.14}{\376\377\0006\000.\0001\0000\000.\0001\000.\0001\0004\000\040\000Z\000I\000P\000S\000I\000Z\000E}{subsection.6.10.1}% 124
\BOOKMARK [1][-]{section.6.11}{\376\377\0006\000.\0001\0001\000\040\000T\000e\000s\000t\000D\000o\000c\000u\000m\000e\000n\000t\000.\000c\000p\000p\000\040\000F\000i\000l\000e\000\040\000R\000e\000f\000e\000r\000e\000n\000c\000e}{chapter.6}% 125
\BOOKMARK [2][-]{subsection.6.11.1}{\376\377\0006\000.\0001\0001\000.\0001\000\040\000F\000u\000n\000c\000t\000i\000o\000n\000\040\000D\000o\000c\000u\000m\000e\000n\000t\000a\000t\000i\000o\000n}{section.6.11}% 126
\BOOKMARK [3][-]{subsubsection.6.11.1.1}{\376\377\0006\000.\0001\0001\000.\0001\000.\0001\000\040\000m\000a\000i\000n\000\050\000\051}{subsection.6.11.1}% 127
\BOOKMARK [3][-]{subsubsection.6.11.1.2}{\376\377\0006\000.\0001\0001\000.\0001\000.\0002\000\040\000m\000e\000n\000u\000\050\000\051}{subsection.6.11.1}% 128
\BOOKMARK [0][-]{section*.48}{\376\377\000I\000n\000d\000e\000x}{}% 129
